{"contracts/Multicoin.sol":{"l":{"25":11,"26":11,"27":11,"28":11,"33":1},"path":"/home/mohamed0/AllBlockchainWork/multiven/MTCNtoken/contracts/Multicoin.sol","s":{"1":11,"2":11,"3":11,"4":11},"b":{},"f":{"1":11,"2":1},"fnMap":{"1":{"name":null,"line":24,"loc":{"start":{"line":24,"column":2},"end":{"line":24,"column":38}}},"2":{"name":"burn","line":32,"loc":{"start":{"line":32,"column":2},"end":{"line":32,"column":48}}}},"statementMap":{"1":{"start":{"line":25,"column":4},"end":{"line":25,"column":19}},"2":{"start":{"line":26,"column":4},"end":{"line":26,"column":32}},"3":{"start":{"line":27,"column":4},"end":{"line":27,"column":36}},"4":{"start":{"line":28,"column":4},"end":{"line":28,"column":55}}},"branchMap":{}}}